<?xml version="1.0" encoding="UTF-8"?>
<!-- Generated by org.testng.reporters.JUnitReportReporter -->
<testsuite hostname="DESKTOP-DTAMADI" failures="0" tests="4" name="testCases.cartPageTest" time="58.786" errors="0" timestamp="2023-03-30T16:49:16 IST" skipped="0">
  <testcase classname="testCases.cartPageTest" name="verifyRemoveProductFromCartTest" time="17.338"/>
  <testcase classname="testCases.cartPageTest" name="verifyCheckOutPageOneTest" time="13.528"/>
  <testcase classname="testCases.cartPageTest" name="verifyBagPagLabelTest" time="13.552"/>
  <testcase classname="testCases.cartPageTest" name="verifyCartLabelTest" time="14.368"/>
</testsuite> <!-- testCases.cartPageTest -->
