<?xml version="1.0" encoding="UTF-8"?>
<!-- Generated by org.testng.reporters.JUnitReportReporter -->
<testsuite hostname="DESKTOP-DTAMADI" failures="0" tests="3" name="testCases.checkOutPageTest" time="43.292" errors="0" timestamp="2023-03-30T16:49:16 IST" skipped="0">
  <testcase classname="testCases.checkOutPageTest" name="verifyCheckOutLebalTest" time="15.514"/>
  <testcase classname="testCases.checkOutPageTest" name="verifyCancleButtonTest" time="13.843"/>
  <testcase classname="testCases.checkOutPageTest" name="verifyCheckOutInformationTest" time="13.935"/>
</testsuite> <!-- testCases.checkOutPageTest -->
