<?xml version="1.0" encoding="UTF-8"?>
<!-- Generated by org.testng.reporters.JUnitReportReporter -->
<testsuite hostname="DESKTOP-DTAMADI" failures="0" tests="4" name="testCases.loginPageTest" time="9.965" errors="0" timestamp="2023-04-01T00:46:26 IST" skipped="3">
  <testcase classname="testCases.loginPageTest" name="verifyLoginToTheAppTest" time="9.965"/>
  <testcase classname="testCases.loginPageTest" name="verifyLoginPageTitleTest">
    <skipped/>
  </testcase> <!-- verifyLoginPageTitleTest -->
  <testcase classname="testCases.loginPageTest" name="verifyLoginPageURLTest">
    <skipped/>
  </testcase> <!-- verifyLoginPageURLTest -->
  <testcase classname="testCases.loginPageTest" name="verifyLoginLogoTest">
    <skipped/>
  </testcase> <!-- verifyLoginLogoTest -->
</testsuite> <!-- testCases.loginPageTest -->
