<?xml version="1.0" encoding="UTF-8"?>
<!-- Generated by org.testng.reporters.JUnitReportReporter -->
<testsuite hostname="DESKTOP-DTAMADI" failures="0" tests="4" name="testCases.checkOutCompletePageTest" time="104.553" errors="0" timestamp="2023-03-30T16:49:16 IST" skipped="0">
  <testcase classname="testCases.checkOutCompletePageTest" name="verifyCheckoutCompleteLableTest" time="61.261"/>
  <testcase classname="testCases.checkOutCompletePageTest" name="verifyPonyExpressLogoTest" time="14.235"/>
  <testcase classname="testCases.checkOutCompletePageTest" name="verifyThankuLableTest" time="14.230"/>
  <testcase classname="testCases.checkOutCompletePageTest" name="verifyBackToHomeButtonTest" time="14.827"/>
</testsuite> <!-- testCases.checkOutCompletePageTest -->
