<?xml version="1.0" encoding="UTF-8"?>
<!-- Generated by org.testng.reporters.JUnitReportReporter -->
<testsuite hostname="DESKTOP-DTAMADI" failures="0" tests="8" name="testCases.inventoryPageTest" time="13.360" errors="0" timestamp="2023-03-30T16:49:16 IST" skipped="7">
  <testcase classname="testCases.inventoryPageTest" name="verifyCartPageTest" time="13.360"/>
  <testcase classname="testCases.inventoryPageTest" name="verifyItemTextTest">
    <skipped/>
  </testcase> <!-- verifyItemTextTest -->
  <testcase classname="testCases.inventoryPageTest" name="verifyAddToCartCountTest">
    <skipped/>
  </testcase> <!-- verifyAddToCartCountTest -->
  <testcase classname="testCases.inventoryPageTest" name="verifyProductLebalTest">
    <skipped/>
  </testcase> <!-- verifyProductLebalTest -->
  <testcase classname="testCases.inventoryPageTest" name="verifyRemoveCartCountTest">
    <skipped/>
  </testcase> <!-- verifyRemoveCartCountTest -->
  <testcase classname="testCases.inventoryPageTest" name="verifySelectListTest">
    <skipped/>
  </testcase> <!-- verifySelectListTest -->
  <testcase classname="testCases.inventoryPageTest" name="verifyFacebookLinkTest">
    <skipped/>
  </testcase> <!-- verifyFacebookLinkTest -->
  <testcase classname="testCases.inventoryPageTest" name="verifyItemImageTest">
    <skipped/>
  </testcase> <!-- verifyItemImageTest -->
</testsuite> <!-- testCases.inventoryPageTest -->
