<?xml version="1.0" encoding="UTF-8"?>
<!-- Generated by org.testng.reporters.JUnitReportReporter -->
<testsuite hostname="DESKTOP-DTAMADI" failures="0" tests="7" name="testCases.checkOutOverViewPageTest" time="102.319" errors="0" timestamp="2023-03-30T16:49:16 IST" skipped="0">
  <testcase classname="testCases.checkOutOverViewPageTest" name="verifyOverViewLableTest" time="14.315"/>
  <testcase classname="testCases.checkOutOverViewPageTest" name="verifyPaymentInfoLabelTest" time="13.790"/>
  <testcase classname="testCases.checkOutOverViewPageTest" name="verifyShippingInfoLableTest" time="14.268"/>
  <testcase classname="testCases.checkOutOverViewPageTest" name="verifyTotalPriceLableTest" time="15.409"/>
  <testcase classname="testCases.checkOutOverViewPageTest" name="verifyTotalLableTest" time="14.197"/>
  <testcase classname="testCases.checkOutOverViewPageTest" name="verifyCancleButtonTest" time="15.943"/>
  <testcase classname="testCases.checkOutOverViewPageTest" name="verifyFinishButtonTest" time="14.397"/>
</testsuite> <!-- testCases.checkOutOverViewPageTest -->
